<?xml version="1.0" encoding="UTF-8"?>
<!-- Generated by org.testng.reporters.JUnitXMLReporter -->
<testsuite hostname="TestingWorld-PC" name="Default test" tests="3" failures="0" timestamp="23 Oct 2016 03:41:05 GMT" time="19.005" errors="0">
  <testcase name="TC_001" time="0.475" classname="testcases.Signin_case"/>
  <testcase name="TC_001" time="0.624" classname="testcases.Signin_case"/>
  <testcase name="TC_001" time="0.662" classname="testcases.Signin_case"/>
</testsuite> <!-- Default test -->
