<?xml version="1.0" encoding="UTF-8"?>
<testng-results skipped="0" failed="0" total="3" passed="3">
  <reporter-output>
  </reporter-output>
  <suite name="Default suite" duration-ms="19005" started-at="2016-10-23T03:40:46Z" finished-at="2016-10-23T03:41:05Z">
    <groups>
    </groups>
    <test name="Default test" duration-ms="19005" started-at="2016-10-23T03:40:46Z" finished-at="2016-10-23T03:41:05Z">
      <class name="testcases.Signin_case">
        <test-method status="PASS" signature="openbrowesr()[pri:0, instance:testcases.Signin_case@f5f2bb7]" name="openbrowesr" is-config="true" duration-ms="6364" started-at="2016-10-23T09:10:46Z" finished-at="2016-10-23T09:10:53Z">
          <reporter-output>
          </reporter-output>
        </test-method> <!-- openbrowesr -->
        <test-method status="PASS" signature="TC_001(java.lang.String, java.lang.String)[pri:0, instance:testcases.Signin_case@f5f2bb7]" name="TC_001" duration-ms="475" started-at="2016-10-23T09:10:53Z" data-provider="dp1" finished-at="2016-10-23T09:10:53Z">
          <params>
            <param index="0">
              <value>
                <![CDATA[unam1]]>
              </value>
            </param>
            <param index="1">
              <value>
                <![CDATA[pass1]]>
              </value>
            </param>
          </params>
          <reporter-output>
          </reporter-output>
        </test-method> <!-- TC_001 -->
        <test-method status="PASS" signature="closebrowesr()[pri:0, instance:testcases.Signin_case@f5f2bb7]" name="closebrowesr" is-config="true" duration-ms="116" started-at="2016-10-23T09:10:53Z" finished-at="2016-10-23T09:10:53Z">
          <reporter-output>
          </reporter-output>
        </test-method> <!-- closebrowesr -->
        <test-method status="PASS" signature="openbrowesr()[pri:0, instance:testcases.Signin_case@f5f2bb7]" name="openbrowesr" is-config="true" duration-ms="4519" started-at="2016-10-23T09:10:53Z" finished-at="2016-10-23T09:10:58Z">
          <reporter-output>
          </reporter-output>
        </test-method> <!-- openbrowesr -->
        <test-method status="PASS" signature="TC_001(java.lang.String, java.lang.String)[pri:0, instance:testcases.Signin_case@f5f2bb7]" name="TC_001" duration-ms="624" started-at="2016-10-23T09:10:58Z" data-provider="dp1" finished-at="2016-10-23T09:10:58Z">
          <params>
            <param index="0">
              <value>
                <![CDATA[unam2]]>
              </value>
            </param>
            <param index="1">
              <value>
                <![CDATA[pass2]]>
              </value>
            </param>
          </params>
          <reporter-output>
          </reporter-output>
        </test-method> <!-- TC_001 -->
        <test-method status="PASS" signature="closebrowesr()[pri:0, instance:testcases.Signin_case@f5f2bb7]" name="closebrowesr" is-config="true" duration-ms="354" started-at="2016-10-23T09:10:58Z" finished-at="2016-10-23T09:10:59Z">
          <reporter-output>
          </reporter-output>
        </test-method> <!-- closebrowesr -->
        <test-method status="PASS" signature="openbrowesr()[pri:0, instance:testcases.Signin_case@f5f2bb7]" name="openbrowesr" is-config="true" duration-ms="5676" started-at="2016-10-23T09:10:59Z" finished-at="2016-10-23T09:11:04Z">
          <reporter-output>
          </reporter-output>
        </test-method> <!-- openbrowesr -->
        <test-method status="PASS" signature="TC_001(java.lang.String, java.lang.String)[pri:0, instance:testcases.Signin_case@f5f2bb7]" name="TC_001" duration-ms="662" started-at="2016-10-23T09:11:04Z" data-provider="dp1" finished-at="2016-10-23T09:11:05Z">
          <params>
            <param index="0">
              <value>
                <![CDATA[unam3]]>
              </value>
            </param>
            <param index="1">
              <value>
                <![CDATA[pass3]]>
              </value>
            </param>
          </params>
          <reporter-output>
          </reporter-output>
        </test-method> <!-- TC_001 -->
        <test-method status="PASS" signature="closebrowesr()[pri:0, instance:testcases.Signin_case@f5f2bb7]" name="closebrowesr" is-config="true" duration-ms="188" started-at="2016-10-23T09:11:05Z" finished-at="2016-10-23T09:11:05Z">
          <reporter-output>
          </reporter-output>
        </test-method> <!-- closebrowesr -->
      </class> <!-- testcases.Signin_case -->
    </test> <!-- Default test -->
  </suite> <!-- Default suite -->
</testng-results>
